
Article 1:
(CNN)Share, and your gift will be multiplied. That may sound like an esoteric adage, but when Zully Broussard selflessly decided to give one of her kidneys to a stranger, her generosity paired up with big data. It resulted in six patients receiving transplants. That surprised and wowed her. "I thought I was going to help this one person who I don't know, but the fact that so many people can have a...

Generated Summary:
Zully Broussard gave one of her kidneys to a stranger .
"I thought I was going to help this one person who I don't know," she says .
The chain of surgeries is to be wrapped up Friday .

Reference Summary:
Zully Broussard decided to give a kidney to a stranger .
A new computer program helped her donation spur transplants for six kidney patients .

====================================================================================================

Article 2:
(CNN)On the 6th of April 1996, San Jose Clash and DC United strode out in front of 31,683 expectant fans at the Spartan Stadium in San Jose, California. The historic occasion was the first ever Major League Soccer match -- a brave new dawn for the world's favorite sport in a land its charms had yet to conquer. Summarizing the action for ESPN, commentator Ty Keough eagerly described the momentous "...

Generated Summary:
The first ever Major League Soccer match took place in San Jose, California on April 6th 1996 .
The match was the first of its kind in the U.S.
The new season is first of a new domestic TV and media rights deal with FOX, ESPN and Univision worth $700 million .

Reference Summary:
The 20th MLS season begins this weekend .
League has changed dramatically since its inception in 1996 .
Some question whether rules regarding salary caps and transfers need to change .

====================================================================================================

Article 3:
(CNN)French striker Bafetimbi Gomis, who has a history of fainting, said he is now "feeling well" after collapsing during Swansea's 3-2 loss at Tottenham in the Premier League on Wednesday. The worrying incident occurred in the first half at White Hart Lane -- after Tottenham scored in the seventh minute -- but the 29-year-old left the pitch conscious following about five minutes of treatment. The...

Generated Summary:
French striker Bafetimbi Gomis says he is "feeling well" after collapsing .
Gomis collapsed during Swansea's 3-2 loss at Tottenham in the Premier League on Wednesday .
The 29-year-old left the pitch conscious following about five minutes of treatment .

Reference Summary:
Bafetimbi Gomis collapses within 10 minutes of kickoff at Tottenham .
But he reportedly left the pitch conscious and wearing an oxygen mask .
Gomis later said that he was "feeling well"
The incident came three years after Fabrice Muamba collapsed at White Hart Lane .

====================================================================================================

Article 4:
(CNN)It was an act of frustration perhaps more commonly associated with golf's fictional anti-hero Happy Gilmore than the world's reigning No 1. player. But when Rory McIlroy pulled his second shot on the eighth hole of the WGC Cadillac Championship into a lake Friday, he might as well have been channeling the much loved Adam Sandler character. Before continuing his round with a dropped ball, the ...

Generated Summary:
Rory McIlroy pulls his second shot on the eighth hole of the WGC Cadillac Championship into a lake .
The four-time major winner launched the 3-iron used to play the offending shot into the water as well .
McIlroy composed himself to finish with a second round of 70, leaving him one-under for the tournament .

Reference Summary:
Rory McIlroy throws club into water at WGC Cadillac Championship .
Northern Irishman frustrated after pulling shot into water hazard .

====================================================================================================

Article 5:
(CNN)A Pennsylvania community is pulling together to search for an eighth-grade student who has been missing since Wednesday. The search has drawn hundreds of volunteers on foot and online. The parents of Cayman Naib, 13, have been communicating through the Facebook group "Find Cayman" since a day after his disappearance, according to close friend David Binswanger. Newtown Police say Cayman was la...

Generated Summary:
Cayman Naib, 13, was last seen wearing a gray down winter jacket, black ski pants and hiking boots .
The search has drawn hundreds of volunteers on foot and online .
"We think that he got a email from school and was upset by it," Cayman's father says .

Reference Summary:
Cayman Naib, 13, hasn't been heard from since Wednesday .
Police, family, volunteers search for eighth-grader .

====================================================================================================

Article 6:
(CNN)My vote for Father of the Year goes to Curt Schilling. The former Major League Baseball pitcher recently fired off a series of fastballs and mowed down a group of Twitter trolls who made the mistake of tweeting vulgar and sexually-explicit comments about Schilling's teenage daughter. The drama started, innocently enough, on February 25, when Schilling played the role of a proud father. He sen...

Generated Summary:
Curt Schilling recently fired off a series of fastballs and mowed down a group of Twitter trolls .
The tweets quickly went from immature, to creepy, to repugnant .
Schilling, who made it his mission to track down these cretins, is also thinking about taking legal action .

Reference Summary:
Ruben Navarrette: Schilling deserves praise for taking on online haters for offensive comments about his daughter .
Navarrette: In protecting his child, Schilling set a model for parenting and taught us a lesson about social media .

====================================================================================================

Article 7:
(CNN)Another one for the "tourists behaving badly" file. Two American women have reportedly been arrested for carving their initials into a wall with a coin inside Rome's Colosseum. Daily Italian newspaper La Stampa says the women, aged 21 and 25, were spotted carrying out the act by fellow tourists, who then told security. The two letters -- J and N -- were about eight inches in length and scratc...

Generated Summary:
Italian newspaper La Stampa says the women were spotted carrying out the act by fellow tourists .
The two letters -- J and N -- were about eight inches in length and scratched on a brick wall at the historic Roman amphitheater .
Two American women reportedly snapped a photo of themselves with their initials before they were arrested .

Reference Summary:
Two American women arrested for carving initials into a Colosseum wall .
Meanwhile, Egypt investigating Russian pornography film reportedly shot at Great Pyramids .
Cambodia's Angkor Archeological Park experienced a string of nudity-related incidents this year .

====================================================================================================

Article 8:
(CNN)Following last year's successful U.K. tour, Prince and 3rdEyeGirl are bringing the Hit & Run Tour to the U.S. for the first time. The first -- and so far only -- scheduled show will take place in Louisville, Kentucky, the hometown of 3rdEyeGirl drummer Hannah Welton. Slated for March 14, tickets will go on sale Monday, March 9 at 10 a.m. local time. Prince crowns dual rock charts . A venue ha...

Generated Summary:
Prince and 3rdEyeGirl are bringing the Hit & Run Tour to the U.S. for the first time .
The first show will take place in Louisville, Kentucky .
Tickets will go on sale Monday, March 9 at 10 a.m. local time .

Reference Summary:
It will be a first time for the tour stateside .
First show will be in Louisville, Kentucky .

====================================================================================================

Article 9:
(CNN)A shooting at a bar popular with expatriates in Mali on Saturday killed five people, including French and Belgian citizens, authorities said. One French citizen, one Belgian and three Malians were killed in the attack in the capital of Bamako, said Gabriel Toure, director of a local hospital. An additional eight people were wounded, he said. Authorities called the shooting a "criminal and ter...

Generated Summary:
One French citizen, one Belgian and three Malians are killed in the attack, a hospital official says .
The shooting is a "criminal and terrorist act," the government says in a statement .
A North African jihadist group claims responsibility for the attack .

Reference Summary:
A jihadist group claims responsibility in an audio recording, news agency reports .
The Malian government calls the shooting a "terrorist act"
One French citizen, one Belgian and three Malians are killed .

====================================================================================================

Article 10:
(CNN)Manchester United defender Jonny Evans and Newcastle United striker Papiss Cisse have been charged by the Football Association for allegedly spitting during an altercation in Wednesday night's Premier League game at St James' Park. In a statement, English football's governing body said the players had been charged "in relation to an alleged breach of FA Rule E1[a] in that in or around the 38t...

Generated Summary:
Manchester United defender Jonny Evans and Newcastle United striker Papiss Cisse charged with spitting .
The players have until 6pm GMT on Friday to respond to the charge .
Former Liverpool midfielder Dietmar Hamann says the incident is "disgusting"
Ex-Manchester United midfielder Paul Scholes says he does not believe Evans had deliberately spat at Cisse .

Reference Summary:
Alleged incident happened in match at St James' Park .
Players face six-match ban if found guilty .
Evans denied spitting in statement .
Cisse statement says: "I let you down"

====================================================================================================
